<?xml version="1.0" encoding="UTF-8"?>
<!-- Generated by org.testng.reporters.JUnitReportReporter -->
<testsuite hostname="DESKTOP-1D14QE1" failures="0" tests="1" name="com.ecom.tests.TestSelectLocation" time="5.692" errors="0" timestamp="2022-07-24T18:14:48 ALMT" skipped="0">
  <testcase classname="com.ecom.tests.TestSelectLocation" name="setLocation" time="5.692"/>
  <system-out/>
</testsuite> <!-- com.ecom.tests.TestSelectLocation -->
